04-Sep-2025 20:17:00.602 INFO [main] org.apache.catalina.startup.VersionLoggerListener.log 서버 버전 이름:    Apache Tomcat/8.5.96
04-Sep-2025 20:17:00.604 INFO [main] org.apache.catalina.startup.VersionLoggerListener.log Server 빌드 시각:  Nov 10 2023 14:56:59 UTC
04-Sep-2025 20:17:00.604 INFO [main] org.apache.catalina.startup.VersionLoggerListener.log Server 버전 번호:  8.5.96.0
04-Sep-2025 20:17:00.604 INFO [main] org.apache.catalina.startup.VersionLoggerListener.log 운영체제 이름:     Windows 10
04-Sep-2025 20:17:00.604 INFO [main] org.apache.catalina.startup.VersionLoggerListener.log 운영체제 버전:     10.0
04-Sep-2025 20:17:00.604 INFO [main] org.apache.catalina.startup.VersionLoggerListener.log 아키텍처:          amd64
04-Sep-2025 20:17:00.604 INFO [main] org.apache.catalina.startup.VersionLoggerListener.log 자바 홈:           C:\Program Files\Java\jdk-15.0.2
04-Sep-2025 20:17:00.604 INFO [main] org.apache.catalina.startup.VersionLoggerListener.log JVM 버전:          15.0.2+7-27
04-Sep-2025 20:17:00.604 INFO [main] org.apache.catalina.startup.VersionLoggerListener.log JVM 벤더:          Oracle Corporation
04-Sep-2025 20:17:00.604 INFO [main] org.apache.catalina.startup.VersionLoggerListener.log CATALINA_BASE:     C:\k3factory\tomcat
04-Sep-2025 20:17:00.604 INFO [main] org.apache.catalina.startup.VersionLoggerListener.log CATALINA_HOME:     C:\k3factory\tomcat
04-Sep-2025 20:17:00.604 INFO [main] org.apache.catalina.startup.VersionLoggerListener.log 명령 행 아규먼트:  --add-opens=java.base/java.lang=ALL-UNNAMED
04-Sep-2025 20:17:00.604 INFO [main] org.apache.catalina.startup.VersionLoggerListener.log 명령 행 아규먼트:  --add-opens=java.base/java.io=ALL-UNNAMED
04-Sep-2025 20:17:00.604 INFO [main] org.apache.catalina.startup.VersionLoggerListener.log 명령 행 아규먼트:  --add-opens=java.base/java.util=ALL-UNNAMED
04-Sep-2025 20:17:00.604 INFO [main] org.apache.catalina.startup.VersionLoggerListener.log 명령 행 아규먼트:  --add-opens=java.base/java.util.concurrent=ALL-UNNAMED
04-Sep-2025 20:17:00.604 INFO [main] org.apache.catalina.startup.VersionLoggerListener.log 명령 행 아규먼트:  --add-opens=java.rmi/sun.rmi.transport=ALL-UNNAMED
04-Sep-2025 20:17:00.604 INFO [main] org.apache.catalina.startup.VersionLoggerListener.log 명령 행 아규먼트:  -Djava.util.logging.config.file=c:\k3factory\tomcat\conf\logging.properties
04-Sep-2025 20:17:00.604 INFO [main] org.apache.catalina.startup.VersionLoggerListener.log 명령 행 아규먼트:  -Djava.util.logging.manager=org.apache.juli.ClassLoaderLogManager
04-Sep-2025 20:17:00.604 INFO [main] org.apache.catalina.startup.VersionLoggerListener.log 명령 행 아규먼트:  -Djdk.tls.ephemeralDHKeySize=2048
04-Sep-2025 20:17:00.604 INFO [main] org.apache.catalina.startup.VersionLoggerListener.log 명령 행 아규먼트:  -Djava.protocol.handler.pkgs=org.apache.catalina.webresources
04-Sep-2025 20:17:00.604 INFO [main] org.apache.catalina.startup.VersionLoggerListener.log 명령 행 아규먼트:  -Dignore.endorsed.dirs=
04-Sep-2025 20:17:00.604 INFO [main] org.apache.catalina.startup.VersionLoggerListener.log 명령 행 아규먼트:  -Dcatalina.base=c:\k3factory\tomcat
04-Sep-2025 20:17:00.604 INFO [main] org.apache.catalina.startup.VersionLoggerListener.log 명령 행 아규먼트:  -Dcatalina.home=c:\k3factory\tomcat
04-Sep-2025 20:17:00.604 INFO [main] org.apache.catalina.startup.VersionLoggerListener.log 명령 행 아규먼트:  -Djava.io.tmpdir=c:\k3factory\tomcat\temp
04-Sep-2025 20:17:00.604 INFO [main] org.apache.catalina.core.AprLifecycleListener.lifecycleEvent 프로덕션 환경들에서 최적의 성능을 제공하는, APR 기반 Apache Tomcat Native 라이브러리가, 다음 java.library.path에서 발견되지 않습니다: [C:\Program Files\Java\jdk-15.0.2\bin;C:\WINDOWS\Sun\Java\bin;C:\WINDOWS\system32;C:\WINDOWS;C:\Program Files\Eclipse Adoptium\jdk-11.0.26.4-hotspot\bin;C:\Program Files\Common Files\Oracle\Java\javapath;C:\WINDOWS\system32;C:\WINDOWS;C:\WINDOWS\System32\Wbem;C:\WINDOWS\System32\WindowsPowerShell\v1.0\;C:\WINDOWS\System32\OpenSSH\;C:\Program Files\Git\cmd;C:\Users\mempi\AppData\Local\Microsoft\WindowsApps;C:\Users\mempi\AppData\Local\Programs\Microsoft VS Code\bin;C:\Users\mempi\AppData\Local\GitHubDesktop\bin;.]
04-Sep-2025 20:17:00.619 INFO [main] org.apache.coyote.AbstractProtocol.init 프로토콜 핸들러 ["http-nio-8080"]을(를) 초기화합니다.
04-Sep-2025 20:17:00.635 INFO [main] org.apache.catalina.startup.Catalina.load Initialization processed in 265 ms
04-Sep-2025 20:17:00.669 INFO [main] org.apache.catalina.core.StandardService.startInternal 서비스 [Catalina]을(를) 시작합니다.
04-Sep-2025 20:17:00.670 INFO [main] org.apache.catalina.core.StandardEngine.startInternal 서버 엔진을 시작합니다: [Apache Tomcat/8.5.96]
04-Sep-2025 20:17:00.675 INFO [localhost-startStop-1] org.apache.catalina.startup.HostConfig.deployDirectory 웹 애플리케이션 디렉토리 [C:\k3factory\tomcat\webapps\docs]을(를) 배치합니다.
04-Sep-2025 20:17:00.878 INFO [localhost-startStop-1] org.apache.catalina.startup.HostConfig.deployDirectory 웹 애플리케이션 디렉토리 [C:\k3factory\tomcat\webapps\docs]에 대한 배치가 [194] 밀리초에 완료되었습니다.
04-Sep-2025 20:17:00.878 INFO [localhost-startStop-1] org.apache.catalina.startup.HostConfig.deployDirectory 웹 애플리케이션 디렉토리 [C:\k3factory\tomcat\webapps\examples]을(를) 배치합니다.
04-Sep-2025 20:17:01.099 INFO [localhost-startStop-1] org.apache.catalina.startup.HostConfig.deployDirectory 웹 애플리케이션 디렉토리 [C:\k3factory\tomcat\webapps\examples]에 대한 배치가 [221] 밀리초에 완료되었습니다.
04-Sep-2025 20:17:01.099 INFO [localhost-startStop-1] org.apache.catalina.startup.HostConfig.deployDirectory 웹 애플리케이션 디렉토리 [C:\k3factory\tomcat\webapps\host-manager]을(를) 배치합니다.
04-Sep-2025 20:17:01.117 INFO [localhost-startStop-1] org.apache.catalina.startup.HostConfig.deployDirectory 웹 애플리케이션 디렉토리 [C:\k3factory\tomcat\webapps\host-manager]에 대한 배치가 [18] 밀리초에 완료되었습니다.
04-Sep-2025 20:17:01.117 INFO [localhost-startStop-1] org.apache.catalina.startup.HostConfig.deployDirectory 웹 애플리케이션 디렉토리 [C:\k3factory\tomcat\webapps\manager]을(를) 배치합니다.
04-Sep-2025 20:17:01.133 INFO [localhost-startStop-1] org.apache.catalina.startup.HostConfig.deployDirectory 웹 애플리케이션 디렉토리 [C:\k3factory\tomcat\webapps\manager]에 대한 배치가 [16] 밀리초에 완료되었습니다.
04-Sep-2025 20:17:01.133 INFO [localhost-startStop-1] org.apache.catalina.startup.HostConfig.deployDirectory 웹 애플리케이션 디렉토리 [C:\k3factory\tomcat\webapps\ROOT]을(를) 배치합니다.
04-Sep-2025 20:17:01.148 INFO [localhost-startStop-1] org.apache.catalina.startup.HostConfig.deployDirectory 웹 애플리케이션 디렉토리 [C:\k3factory\tomcat\webapps\ROOT]에 대한 배치가 [15] 밀리초에 완료되었습니다.
04-Sep-2025 20:17:01.148 INFO [main] org.apache.coyote.AbstractProtocol.start 프로토콜 핸들러 ["http-nio-8080"]을(를) 시작합니다.
04-Sep-2025 20:17:01.202 INFO [main] org.apache.catalina.startup.Catalina.start Server startup in 555 ms
04-Sep-2025 20:17:07.433 INFO [main] org.apache.catalina.core.StandardServer.await 셧다운 포트를 통해 유효한 셧다운 명령을 받았습니다. 서버 인스턴스를 중지시킵니다.
04-Sep-2025 20:17:07.433 INFO [main] org.apache.coyote.AbstractProtocol.pause 프로토콜 핸들러 ["http-nio-8080"]을(를) 일시 정지 중
04-Sep-2025 20:17:07.433 INFO [main] org.apache.catalina.core.StandardService.stopInternal 서비스 [Catalina]을(를) 중지시킵니다.
04-Sep-2025 20:17:07.456 INFO [main] org.apache.coyote.AbstractProtocol.stop 프로토콜 핸들러 ["http-nio-8080"]을(를) 중지시킵니다.
04-Sep-2025 20:17:07.460 INFO [main] org.apache.coyote.AbstractProtocol.destroy 프로토콜 핸들러 ["http-nio-8080"]을(를) 소멸시킵니다.
04-Sep-2025 20:17:09.306 INFO [main] org.apache.catalina.startup.VersionLoggerListener.log 서버 버전 이름:    Apache Tomcat/8.5.96
04-Sep-2025 20:17:09.321 INFO [main] org.apache.catalina.startup.VersionLoggerListener.log Server 빌드 시각:  Nov 10 2023 14:56:59 UTC
04-Sep-2025 20:17:09.321 INFO [main] org.apache.catalina.startup.VersionLoggerListener.log Server 버전 번호:  8.5.96.0
04-Sep-2025 20:17:09.321 INFO [main] org.apache.catalina.startup.VersionLoggerListener.log 운영체제 이름:     Windows 10
04-Sep-2025 20:17:09.321 INFO [main] org.apache.catalina.startup.VersionLoggerListener.log 운영체제 버전:     10.0
04-Sep-2025 20:17:09.321 INFO [main] org.apache.catalina.startup.VersionLoggerListener.log 아키텍처:          amd64
04-Sep-2025 20:17:09.321 INFO [main] org.apache.catalina.startup.VersionLoggerListener.log 자바 홈:           C:\Program Files\Java\jdk-15.0.2
04-Sep-2025 20:17:09.321 INFO [main] org.apache.catalina.startup.VersionLoggerListener.log JVM 버전:          15.0.2+7-27
04-Sep-2025 20:17:09.321 INFO [main] org.apache.catalina.startup.VersionLoggerListener.log JVM 벤더:          Oracle Corporation
04-Sep-2025 20:17:09.321 INFO [main] org.apache.catalina.startup.VersionLoggerListener.log CATALINA_BASE:     C:\k3factory\tomcat
04-Sep-2025 20:17:09.321 INFO [main] org.apache.catalina.startup.VersionLoggerListener.log CATALINA_HOME:     C:\k3factory\tomcat
04-Sep-2025 20:17:09.321 INFO [main] org.apache.catalina.startup.VersionLoggerListener.log 명령 행 아규먼트:  --add-opens=java.base/java.lang=ALL-UNNAMED
04-Sep-2025 20:17:09.321 INFO [main] org.apache.catalina.startup.VersionLoggerListener.log 명령 행 아규먼트:  --add-opens=java.base/java.io=ALL-UNNAMED
04-Sep-2025 20:17:09.321 INFO [main] org.apache.catalina.startup.VersionLoggerListener.log 명령 행 아규먼트:  --add-opens=java.base/java.util=ALL-UNNAMED
04-Sep-2025 20:17:09.321 INFO [main] org.apache.catalina.startup.VersionLoggerListener.log 명령 행 아규먼트:  --add-opens=java.base/java.util.concurrent=ALL-UNNAMED
04-Sep-2025 20:17:09.321 INFO [main] org.apache.catalina.startup.VersionLoggerListener.log 명령 행 아규먼트:  --add-opens=java.rmi/sun.rmi.transport=ALL-UNNAMED
04-Sep-2025 20:17:09.321 INFO [main] org.apache.catalina.startup.VersionLoggerListener.log 명령 행 아규먼트:  -Djava.util.logging.config.file=c:\k3factory\tomcat\conf\logging.properties
04-Sep-2025 20:17:09.321 INFO [main] org.apache.catalina.startup.VersionLoggerListener.log 명령 행 아규먼트:  -Djava.util.logging.manager=org.apache.juli.ClassLoaderLogManager
04-Sep-2025 20:17:09.321 INFO [main] org.apache.catalina.startup.VersionLoggerListener.log 명령 행 아규먼트:  -Djdk.tls.ephemeralDHKeySize=2048
04-Sep-2025 20:17:09.321 INFO [main] org.apache.catalina.startup.VersionLoggerListener.log 명령 행 아규먼트:  -Djava.protocol.handler.pkgs=org.apache.catalina.webresources
04-Sep-2025 20:17:09.321 INFO [main] org.apache.catalina.startup.VersionLoggerListener.log 명령 행 아규먼트:  -Dignore.endorsed.dirs=
04-Sep-2025 20:17:09.321 INFO [main] org.apache.catalina.startup.VersionLoggerListener.log 명령 행 아규먼트:  -Dcatalina.base=c:\k3factory\tomcat
04-Sep-2025 20:17:09.321 INFO [main] org.apache.catalina.startup.VersionLoggerListener.log 명령 행 아규먼트:  -Dcatalina.home=c:\k3factory\tomcat
04-Sep-2025 20:17:09.321 INFO [main] org.apache.catalina.startup.VersionLoggerListener.log 명령 행 아규먼트:  -Djava.io.tmpdir=c:\k3factory\tomcat\temp
04-Sep-2025 20:17:09.321 INFO [main] org.apache.catalina.core.AprLifecycleListener.lifecycleEvent 프로덕션 환경들에서 최적의 성능을 제공하는, APR 기반 Apache Tomcat Native 라이브러리가, 다음 java.library.path에서 발견되지 않습니다: [C:\Program Files\Java\jdk-15.0.2\bin;C:\WINDOWS\Sun\Java\bin;C:\WINDOWS\system32;C:\WINDOWS;C:\Program Files\Eclipse Adoptium\jdk-11.0.26.4-hotspot\bin;C:\Program Files\Common Files\Oracle\Java\javapath;C:\WINDOWS\system32;C:\WINDOWS;C:\WINDOWS\System32\Wbem;C:\WINDOWS\System32\WindowsPowerShell\v1.0\;C:\WINDOWS\System32\OpenSSH\;C:\Program Files\Git\cmd;C:\Users\mempi\AppData\Local\Microsoft\WindowsApps;C:\Users\mempi\AppData\Local\Programs\Microsoft VS Code\bin;C:\Users\mempi\AppData\Local\GitHubDesktop\bin;.]
04-Sep-2025 20:17:09.337 INFO [main] org.apache.coyote.AbstractProtocol.init 프로토콜 핸들러 ["http-nio-8080"]을(를) 초기화합니다.
04-Sep-2025 20:17:09.358 INFO [main] org.apache.catalina.startup.Catalina.load Initialization processed in 224 ms
04-Sep-2025 20:17:09.377 INFO [main] org.apache.catalina.core.StandardService.startInternal 서비스 [Catalina]을(를) 시작합니다.
04-Sep-2025 20:17:09.377 INFO [main] org.apache.catalina.core.StandardEngine.startInternal 서버 엔진을 시작합니다: [Apache Tomcat/8.5.96]
04-Sep-2025 20:17:09.380 INFO [localhost-startStop-1] org.apache.catalina.startup.HostConfig.deployDirectory 웹 애플리케이션 디렉토리 [C:\k3factory\tomcat\webapps\docs]을(를) 배치합니다.
04-Sep-2025 20:17:09.555 INFO [localhost-startStop-1] org.apache.catalina.startup.HostConfig.deployDirectory 웹 애플리케이션 디렉토리 [C:\k3factory\tomcat\webapps\docs]에 대한 배치가 [175] 밀리초에 완료되었습니다.
04-Sep-2025 20:17:09.555 INFO [localhost-startStop-1] org.apache.catalina.startup.HostConfig.deployDirectory 웹 애플리케이션 디렉토리 [C:\k3factory\tomcat\webapps\examples]을(를) 배치합니다.
04-Sep-2025 20:17:09.769 INFO [localhost-startStop-1] org.apache.catalina.startup.HostConfig.deployDirectory 웹 애플리케이션 디렉토리 [C:\k3factory\tomcat\webapps\examples]에 대한 배치가 [214] 밀리초에 완료되었습니다.
04-Sep-2025 20:17:09.769 INFO [localhost-startStop-1] org.apache.catalina.startup.HostConfig.deployDirectory 웹 애플리케이션 디렉토리 [C:\k3factory\tomcat\webapps\host-manager]을(를) 배치합니다.
04-Sep-2025 20:17:09.788 INFO [localhost-startStop-1] org.apache.catalina.startup.HostConfig.deployDirectory 웹 애플리케이션 디렉토리 [C:\k3factory\tomcat\webapps\host-manager]에 대한 배치가 [19] 밀리초에 완료되었습니다.
04-Sep-2025 20:17:09.788 INFO [localhost-startStop-1] org.apache.catalina.startup.HostConfig.deployDirectory 웹 애플리케이션 디렉토리 [C:\k3factory\tomcat\webapps\manager]을(를) 배치합니다.
04-Sep-2025 20:17:09.804 INFO [localhost-startStop-1] org.apache.catalina.startup.HostConfig.deployDirectory 웹 애플리케이션 디렉토리 [C:\k3factory\tomcat\webapps\manager]에 대한 배치가 [16] 밀리초에 완료되었습니다.
04-Sep-2025 20:17:09.804 INFO [localhost-startStop-1] org.apache.catalina.startup.HostConfig.deployDirectory 웹 애플리케이션 디렉토리 [C:\k3factory\tomcat\webapps\ROOT]을(를) 배치합니다.
04-Sep-2025 20:17:09.810 INFO [localhost-startStop-1] org.apache.catalina.startup.HostConfig.deployDirectory 웹 애플리케이션 디렉토리 [C:\k3factory\tomcat\webapps\ROOT]에 대한 배치가 [6] 밀리초에 완료되었습니다.
04-Sep-2025 20:17:09.810 INFO [main] org.apache.coyote.AbstractProtocol.start 프로토콜 핸들러 ["http-nio-8080"]을(를) 시작합니다.
04-Sep-2025 20:17:09.866 INFO [main] org.apache.catalina.startup.Catalina.start Server startup in 506 ms
04-Sep-2025 20:17:24.318 INFO [main] org.apache.catalina.core.StandardServer.await 셧다운 포트를 통해 유효한 셧다운 명령을 받았습니다. 서버 인스턴스를 중지시킵니다.
04-Sep-2025 20:17:24.318 INFO [main] org.apache.coyote.AbstractProtocol.pause 프로토콜 핸들러 ["http-nio-8080"]을(를) 일시 정지 중
04-Sep-2025 20:17:24.321 INFO [main] org.apache.catalina.core.StandardService.stopInternal 서비스 [Catalina]을(를) 중지시킵니다.
04-Sep-2025 20:17:24.336 INFO [main] org.apache.coyote.AbstractProtocol.stop 프로토콜 핸들러 ["http-nio-8080"]을(를) 중지시킵니다.
04-Sep-2025 20:17:24.337 INFO [main] org.apache.coyote.AbstractProtocol.destroy 프로토콜 핸들러 ["http-nio-8080"]을(를) 소멸시킵니다.
